CRITICAL - 2025-06-21 12:35:02 --> ErrorException: Undefined variable $camember_date
[Method: GET, Route: dashbord]
in APPPATH\Views\layout_dash.php on line 531.
 1 APPPATH\Views\layout_dash.php(531): CodeIgniter\Debug\Exceptions->errorHandler(2, 'Undefined variable $camember_date', 'C:\\xampp\\htdocs\\Quick - original projet\\app\\Views\\layout_dash.php', 531)
 2 SYSTEMPATH\View\View.php(224): include('C:\\xampp\\htdocs\\Quick - original projet\\app\\Views\\layout_dash.php')
 3 SYSTEMPATH\View\View.php(227): CodeIgniter\View\View->CodeIgniter\View\{closure}()
 4 SYSTEMPATH\View\View.php(240): CodeIgniter\View\View->render('layout_dash', [], true)
 5 SYSTEMPATH\Common.php(1173): CodeIgniter\View\View->render('dashbord', [], true)
 6 APPPATH\Controllers\LoginController.php(73): view('dashbord', [...])
 7 SYSTEMPATH\CodeIgniter.php(933): App\Controllers\LoginController->dashbord()
 8 SYSTEMPATH\CodeIgniter.php(507): CodeIgniter\CodeIgniter->runController(Object(App\Controllers\LoginController))
 9 SYSTEMPATH\CodeIgniter.php(354): CodeIgniter\CodeIgniter->handleRequest(null, Object(Config\Cache), false)
10 SYSTEMPATH\Boot.php(334): CodeIgniter\CodeIgniter->run()
11 SYSTEMPATH\Boot.php(67): CodeIgniter\Boot::runCodeIgniter(Object(CodeIgniter\CodeIgniter))
12 FCPATH\index.php(59): CodeIgniter\Boot::bootWeb(Object(Config\Paths))
13 SYSTEMPATH\rewrite.php(44): require_once('C:\\xampp\\htdocs\\Quick - original projet\\public\\index.php')
CRITICAL - 2025-06-21 12:35:35 --> ErrorException: Undefined variable $camember_date
[Method: GET, Route: dashbord]
in APPPATH\Views\layout_dash.php on line 531.
 1 APPPATH\Views\layout_dash.php(531): CodeIgniter\Debug\Exceptions->errorHandler(2, 'Undefined variable $camember_date', 'C:\\xampp\\htdocs\\Quick - original projet\\app\\Views\\layout_dash.php', 531)
 2 SYSTEMPATH\View\View.php(224): include('C:\\xampp\\htdocs\\Quick - original projet\\app\\Views\\layout_dash.php')
 3 SYSTEMPATH\View\View.php(227): CodeIgniter\View\View->CodeIgniter\View\{closure}()
 4 SYSTEMPATH\View\View.php(240): CodeIgniter\View\View->render('layout_dash', [], true)
 5 SYSTEMPATH\Common.php(1173): CodeIgniter\View\View->render('dashbord', [], true)
 6 APPPATH\Controllers\LoginController.php(73): view('dashbord', [...])
 7 SYSTEMPATH\CodeIgniter.php(933): App\Controllers\LoginController->dashbord()
 8 SYSTEMPATH\CodeIgniter.php(507): CodeIgniter\CodeIgniter->runController(Object(App\Controllers\LoginController))
 9 SYSTEMPATH\CodeIgniter.php(354): CodeIgniter\CodeIgniter->handleRequest(null, Object(Config\Cache), false)
10 SYSTEMPATH\Boot.php(334): CodeIgniter\CodeIgniter->run()
11 SYSTEMPATH\Boot.php(67): CodeIgniter\Boot::runCodeIgniter(Object(CodeIgniter\CodeIgniter))
12 FCPATH\index.php(59): CodeIgniter\Boot::bootWeb(Object(Config\Paths))
13 SYSTEMPATH\rewrite.php(44): require_once('C:\\xampp\\htdocs\\Quick - original projet\\public\\index.php')
CRITICAL - 2025-06-21 13:03:05 --> ErrorException: Undefined variable $OperationModel
[Method: GET, Route: dashbord]
in APPPATH\Views\dashbord.php on line 59.
 1 APPPATH\Views\dashbord.php(59): CodeIgniter\Debug\Exceptions->errorHandler(2, 'Undefined variable $OperationModel', 'C:\\xampp\\htdocs\\Quick - original projet\\app\\Views\\dashbord.php', 59)
 2 SYSTEMPATH\View\View.php(224): include('C:\\xampp\\htdocs\\Quick - original projet\\app\\Views\\dashbord.php')
 3 SYSTEMPATH\View\View.php(227): CodeIgniter\View\View->CodeIgniter\View\{closure}()
 4 SYSTEMPATH\Common.php(1173): CodeIgniter\View\View->render('dashbord', [], true)
 5 APPPATH\Controllers\LoginController.php(69): view('dashbord', [...])
 6 SYSTEMPATH\CodeIgniter.php(933): App\Controllers\LoginController->dashbord()
 7 SYSTEMPATH\CodeIgniter.php(507): CodeIgniter\CodeIgniter->runController(Object(App\Controllers\LoginController))
 8 SYSTEMPATH\CodeIgniter.php(354): CodeIgniter\CodeIgniter->handleRequest(null, Object(Config\Cache), false)
 9 SYSTEMPATH\Boot.php(334): CodeIgniter\CodeIgniter->run()
10 SYSTEMPATH\Boot.php(67): CodeIgniter\Boot::runCodeIgniter(Object(CodeIgniter\CodeIgniter))
11 FCPATH\index.php(59): CodeIgniter\Boot::bootWeb(Object(Config\Paths))
12 SYSTEMPATH\rewrite.php(44): require_once('C:\\xampp\\htdocs\\Quick - original projet\\public\\index.php')
CRITICAL - 2025-06-21 13:03:39 --> ErrorException: Undefined array key "amount"
[Method: GET, Route: dashbord]
in APPPATH\Views\dashbord.php on line 59.
 1 APPPATH\Views\dashbord.php(59): CodeIgniter\Debug\Exceptions->errorHandler(2, 'Undefined array key "amount"', 'C:\\xampp\\htdocs\\Quick - original projet\\app\\Views\\dashbord.php', 59)
 2 SYSTEMPATH\View\View.php(224): include('C:\\xampp\\htdocs\\Quick - original projet\\app\\Views\\dashbord.php')
 3 SYSTEMPATH\View\View.php(227): CodeIgniter\View\View->CodeIgniter\View\{closure}()
 4 SYSTEMPATH\Common.php(1173): CodeIgniter\View\View->render('dashbord', [], true)
 5 APPPATH\Controllers\LoginController.php(69): view('dashbord', [...])
 6 SYSTEMPATH\CodeIgniter.php(933): App\Controllers\LoginController->dashbord()
 7 SYSTEMPATH\CodeIgniter.php(507): CodeIgniter\CodeIgniter->runController(Object(App\Controllers\LoginController))
 8 SYSTEMPATH\CodeIgniter.php(354): CodeIgniter\CodeIgniter->handleRequest(null, Object(Config\Cache), false)
 9 SYSTEMPATH\Boot.php(334): CodeIgniter\CodeIgniter->run()
10 SYSTEMPATH\Boot.php(67): CodeIgniter\Boot::runCodeIgniter(Object(CodeIgniter\CodeIgniter))
11 FCPATH\index.php(59): CodeIgniter\Boot::bootWeb(Object(Config\Paths))
12 SYSTEMPATH\rewrite.php(44): require_once('C:\\xampp\\htdocs\\Quick - original projet\\public\\index.php')
CRITICAL - 2025-06-21 13:03:40 --> ErrorException: Undefined array key "amount"
[Method: GET, Route: dashbord]
in APPPATH\Views\dashbord.php on line 59.
 1 APPPATH\Views\dashbord.php(59): CodeIgniter\Debug\Exceptions->errorHandler(2, 'Undefined array key "amount"', 'C:\\xampp\\htdocs\\Quick - original projet\\app\\Views\\dashbord.php', 59)
 2 SYSTEMPATH\View\View.php(224): include('C:\\xampp\\htdocs\\Quick - original projet\\app\\Views\\dashbord.php')
 3 SYSTEMPATH\View\View.php(227): CodeIgniter\View\View->CodeIgniter\View\{closure}()
 4 SYSTEMPATH\Common.php(1173): CodeIgniter\View\View->render('dashbord', [], true)
 5 APPPATH\Controllers\LoginController.php(69): view('dashbord', [...])
 6 SYSTEMPATH\CodeIgniter.php(933): App\Controllers\LoginController->dashbord()
 7 SYSTEMPATH\CodeIgniter.php(507): CodeIgniter\CodeIgniter->runController(Object(App\Controllers\LoginController))
 8 SYSTEMPATH\CodeIgniter.php(354): CodeIgniter\CodeIgniter->handleRequest(null, Object(Config\Cache), false)
 9 SYSTEMPATH\Boot.php(334): CodeIgniter\CodeIgniter->run()
10 SYSTEMPATH\Boot.php(67): CodeIgniter\Boot::runCodeIgniter(Object(CodeIgniter\CodeIgniter))
11 FCPATH\index.php(59): CodeIgniter\Boot::bootWeb(Object(Config\Paths))
12 SYSTEMPATH\rewrite.php(44): require_once('C:\\xampp\\htdocs\\Quick - original projet\\public\\index.php')
CRITICAL - 2025-06-21 13:03:52 --> ErrorException: Undefined array key "profit"
[Method: GET, Route: dashbord]
in APPPATH\Views\dashbord.php on line 59.
 1 APPPATH\Views\dashbord.php(59): CodeIgniter\Debug\Exceptions->errorHandler(2, 'Undefined array key "profit"', 'C:\\xampp\\htdocs\\Quick - original projet\\app\\Views\\dashbord.php', 59)
 2 SYSTEMPATH\View\View.php(224): include('C:\\xampp\\htdocs\\Quick - original projet\\app\\Views\\dashbord.php')
 3 SYSTEMPATH\View\View.php(227): CodeIgniter\View\View->CodeIgniter\View\{closure}()
 4 SYSTEMPATH\Common.php(1173): CodeIgniter\View\View->render('dashbord', [], true)
 5 APPPATH\Controllers\LoginController.php(69): view('dashbord', [...])
 6 SYSTEMPATH\CodeIgniter.php(933): App\Controllers\LoginController->dashbord()
 7 SYSTEMPATH\CodeIgniter.php(507): CodeIgniter\CodeIgniter->runController(Object(App\Controllers\LoginController))
 8 SYSTEMPATH\CodeIgniter.php(354): CodeIgniter\CodeIgniter->handleRequest(null, Object(Config\Cache), false)
 9 SYSTEMPATH\Boot.php(334): CodeIgniter\CodeIgniter->run()
10 SYSTEMPATH\Boot.php(67): CodeIgniter\Boot::runCodeIgniter(Object(CodeIgniter\CodeIgniter))
11 FCPATH\index.php(59): CodeIgniter\Boot::bootWeb(Object(Config\Paths))
12 SYSTEMPATH\rewrite.php(44): require_once('C:\\xampp\\htdocs\\Quick - original projet\\public\\index.php')
CRITICAL - 2025-06-21 13:03:53 --> ErrorException: Undefined array key "profit"
[Method: GET, Route: dashbord]
in APPPATH\Views\dashbord.php on line 59.
 1 APPPATH\Views\dashbord.php(59): CodeIgniter\Debug\Exceptions->errorHandler(2, 'Undefined array key "profit"', 'C:\\xampp\\htdocs\\Quick - original projet\\app\\Views\\dashbord.php', 59)
 2 SYSTEMPATH\View\View.php(224): include('C:\\xampp\\htdocs\\Quick - original projet\\app\\Views\\dashbord.php')
 3 SYSTEMPATH\View\View.php(227): CodeIgniter\View\View->CodeIgniter\View\{closure}()
 4 SYSTEMPATH\Common.php(1173): CodeIgniter\View\View->render('dashbord', [], true)
 5 APPPATH\Controllers\LoginController.php(69): view('dashbord', [...])
 6 SYSTEMPATH\CodeIgniter.php(933): App\Controllers\LoginController->dashbord()
 7 SYSTEMPATH\CodeIgniter.php(507): CodeIgniter\CodeIgniter->runController(Object(App\Controllers\LoginController))
 8 SYSTEMPATH\CodeIgniter.php(354): CodeIgniter\CodeIgniter->handleRequest(null, Object(Config\Cache), false)
 9 SYSTEMPATH\Boot.php(334): CodeIgniter\CodeIgniter->run()
10 SYSTEMPATH\Boot.php(67): CodeIgniter\Boot::runCodeIgniter(Object(CodeIgniter\CodeIgniter))
11 FCPATH\index.php(59): CodeIgniter\Boot::bootWeb(Object(Config\Paths))
12 SYSTEMPATH\rewrite.php(44): require_once('C:\\xampp\\htdocs\\Quick - original projet\\public\\index.php')
CRITICAL - 2025-06-21 13:24:00 --> Error: Cannot use object of type CodeIgniter\Database\MySQLi\Result as array
[Method: GET, Route: dashbord]
in APPPATH\Views\dashbord.php on line 59.
 1 SYSTEMPATH\View\View.php(224): include()
 2 SYSTEMPATH\View\View.php(227): CodeIgniter\View\View->CodeIgniter\View\{closure}()
 3 SYSTEMPATH\Common.php(1173): CodeIgniter\View\View->render('dashbord', [], true)
 4 APPPATH\Controllers\LoginController.php(71): view('dashbord', [...])
 5 SYSTEMPATH\CodeIgniter.php(933): App\Controllers\LoginController->dashbord()
 6 SYSTEMPATH\CodeIgniter.php(507): CodeIgniter\CodeIgniter->runController(Object(App\Controllers\LoginController))
 7 SYSTEMPATH\CodeIgniter.php(354): CodeIgniter\CodeIgniter->handleRequest(null, Object(Config\Cache), false)
 8 SYSTEMPATH\Boot.php(334): CodeIgniter\CodeIgniter->run()
 9 SYSTEMPATH\Boot.php(67): CodeIgniter\Boot::runCodeIgniter(Object(CodeIgniter\CodeIgniter))
10 FCPATH\index.php(59): CodeIgniter\Boot::bootWeb(Object(Config\Paths))
11 SYSTEMPATH\rewrite.php(44): require_once('C:\\xampp\\htdocs\\Quick - original projet\\public\\index.php')
CRITICAL - 2025-06-21 13:24:54 --> Error: Cannot use object of type CodeIgniter\Database\MySQLi\Builder as array
[Method: GET, Route: dashbord]
in APPPATH\Views\dashbord.php on line 59.
 1 SYSTEMPATH\View\View.php(224): include()
 2 SYSTEMPATH\View\View.php(227): CodeIgniter\View\View->CodeIgniter\View\{closure}()
 3 SYSTEMPATH\Common.php(1173): CodeIgniter\View\View->render('dashbord', [], true)
 4 APPPATH\Controllers\LoginController.php(71): view('dashbord', [...])
 5 SYSTEMPATH\CodeIgniter.php(933): App\Controllers\LoginController->dashbord()
 6 SYSTEMPATH\CodeIgniter.php(507): CodeIgniter\CodeIgniter->runController(Object(App\Controllers\LoginController))
 7 SYSTEMPATH\CodeIgniter.php(354): CodeIgniter\CodeIgniter->handleRequest(null, Object(Config\Cache), false)
 8 SYSTEMPATH\Boot.php(334): CodeIgniter\CodeIgniter->run()
 9 SYSTEMPATH\Boot.php(67): CodeIgniter\Boot::runCodeIgniter(Object(CodeIgniter\CodeIgniter))
10 FCPATH\index.php(59): CodeIgniter\Boot::bootWeb(Object(Config\Paths))
11 SYSTEMPATH\rewrite.php(44): require_once('C:\\xampp\\htdocs\\Quick - original projet\\public\\index.php')
CRITICAL - 2025-06-21 13:40:54 --> Error: Cannot use object of type CodeIgniter\Database\MySQLi\Builder as array
[Method: GET, Route: dashbord]
in APPPATH\Views\dashbord.php on line 59.
 1 SYSTEMPATH\View\View.php(224): include()
 2 SYSTEMPATH\View\View.php(227): CodeIgniter\View\View->CodeIgniter\View\{closure}()
 3 SYSTEMPATH\Common.php(1173): CodeIgniter\View\View->render('dashbord', [], true)
 4 APPPATH\Controllers\LoginController.php(71): view('dashbord', [...])
 5 SYSTEMPATH\CodeIgniter.php(933): App\Controllers\LoginController->dashbord()
 6 SYSTEMPATH\CodeIgniter.php(507): CodeIgniter\CodeIgniter->runController(Object(App\Controllers\LoginController))
 7 SYSTEMPATH\CodeIgniter.php(354): CodeIgniter\CodeIgniter->handleRequest(null, Object(Config\Cache), false)
 8 SYSTEMPATH\Boot.php(334): CodeIgniter\CodeIgniter->run()
 9 SYSTEMPATH\Boot.php(67): CodeIgniter\Boot::runCodeIgniter(Object(CodeIgniter\CodeIgniter))
10 FCPATH\index.php(59): CodeIgniter\Boot::bootWeb(Object(Config\Paths))
11 SYSTEMPATH\rewrite.php(44): require_once('C:\\xampp\\htdocs\\Quick - original projet\\public\\index.php')
CRITICAL - 2025-06-21 13:53:51 --> Error: Cannot use object of type App\Models\OperationModel as array
[Method: GET, Route: dashbord]
in APPPATH\Views\dashbord.php on line 59.
 1 SYSTEMPATH\View\View.php(224): include()
 2 SYSTEMPATH\View\View.php(227): CodeIgniter\View\View->CodeIgniter\View\{closure}()
 3 SYSTEMPATH\Common.php(1173): CodeIgniter\View\View->render('dashbord', [], true)
 4 APPPATH\Controllers\LoginController.php(71): view('dashbord', [...])
 5 SYSTEMPATH\CodeIgniter.php(933): App\Controllers\LoginController->dashbord()
 6 SYSTEMPATH\CodeIgniter.php(507): CodeIgniter\CodeIgniter->runController(Object(App\Controllers\LoginController))
 7 SYSTEMPATH\CodeIgniter.php(354): CodeIgniter\CodeIgniter->handleRequest(null, Object(Config\Cache), false)
 8 SYSTEMPATH\Boot.php(334): CodeIgniter\CodeIgniter->run()
 9 SYSTEMPATH\Boot.php(67): CodeIgniter\Boot::runCodeIgniter(Object(CodeIgniter\CodeIgniter))
10 FCPATH\index.php(59): CodeIgniter\Boot::bootWeb(Object(Config\Paths))
11 SYSTEMPATH\rewrite.php(44): require_once('C:\\xampp\\htdocs\\Quick - original projet\\public\\index.php')
CRITICAL - 2025-06-21 13:54:21 --> Error: Cannot use object of type CodeIgniter\Database\MySQLi\Result as array
[Method: GET, Route: dashbord]
in APPPATH\Views\dashbord.php on line 59.
 1 SYSTEMPATH\View\View.php(224): include()
 2 SYSTEMPATH\View\View.php(227): CodeIgniter\View\View->CodeIgniter\View\{closure}()
 3 SYSTEMPATH\Common.php(1173): CodeIgniter\View\View->render('dashbord', [], true)
 4 APPPATH\Controllers\LoginController.php(71): view('dashbord', [...])
 5 SYSTEMPATH\CodeIgniter.php(933): App\Controllers\LoginController->dashbord()
 6 SYSTEMPATH\CodeIgniter.php(507): CodeIgniter\CodeIgniter->runController(Object(App\Controllers\LoginController))
 7 SYSTEMPATH\CodeIgniter.php(354): CodeIgniter\CodeIgniter->handleRequest(null, Object(Config\Cache), false)
 8 SYSTEMPATH\Boot.php(334): CodeIgniter\CodeIgniter->run()
 9 SYSTEMPATH\Boot.php(67): CodeIgniter\Boot::runCodeIgniter(Object(CodeIgniter\CodeIgniter))
10 FCPATH\index.php(59): CodeIgniter\Boot::bootWeb(Object(Config\Paths))
11 SYSTEMPATH\rewrite.php(44): require_once('C:\\xampp\\htdocs\\Quick - original projet\\public\\index.php')
CRITICAL - 2025-06-21 13:54:47 --> ErrorException: Undefined array key "profit"
[Method: GET, Route: dashbord]
in APPPATH\Views\dashbord.php on line 59.
 1 APPPATH\Views\dashbord.php(59): CodeIgniter\Debug\Exceptions->errorHandler(2, 'Undefined array key "profit"', 'C:\\xampp\\htdocs\\Quick - original projet\\app\\Views\\dashbord.php', 59)
 2 SYSTEMPATH\View\View.php(224): include('C:\\xampp\\htdocs\\Quick - original projet\\app\\Views\\dashbord.php')
 3 SYSTEMPATH\View\View.php(227): CodeIgniter\View\View->CodeIgniter\View\{closure}()
 4 SYSTEMPATH\Common.php(1173): CodeIgniter\View\View->render('dashbord', [], true)
 5 APPPATH\Controllers\LoginController.php(71): view('dashbord', [...])
 6 SYSTEMPATH\CodeIgniter.php(933): App\Controllers\LoginController->dashbord()
 7 SYSTEMPATH\CodeIgniter.php(507): CodeIgniter\CodeIgniter->runController(Object(App\Controllers\LoginController))
 8 SYSTEMPATH\CodeIgniter.php(354): CodeIgniter\CodeIgniter->handleRequest(null, Object(Config\Cache), false)
 9 SYSTEMPATH\Boot.php(334): CodeIgniter\CodeIgniter->run()
10 SYSTEMPATH\Boot.php(67): CodeIgniter\Boot::runCodeIgniter(Object(CodeIgniter\CodeIgniter))
11 FCPATH\index.php(59): CodeIgniter\Boot::bootWeb(Object(Config\Paths))
12 SYSTEMPATH\rewrite.php(44): require_once('C:\\xampp\\htdocs\\Quick - original projet\\public\\index.php')
CRITICAL - 2025-06-21 13:57:54 --> TypeError: Cannot access offset of type string on string
[Method: GET, Route: dashbord]
in APPPATH\Views\dashbord.php on line 59.
 1 SYSTEMPATH\View\View.php(224): include()
 2 SYSTEMPATH\View\View.php(227): CodeIgniter\View\View->CodeIgniter\View\{closure}()
 3 SYSTEMPATH\Common.php(1173): CodeIgniter\View\View->render('dashbord', [], true)
 4 APPPATH\Controllers\LoginController.php(75): view('dashbord', [...])
 5 SYSTEMPATH\CodeIgniter.php(933): App\Controllers\LoginController->dashbord()
 6 SYSTEMPATH\CodeIgniter.php(507): CodeIgniter\CodeIgniter->runController(Object(App\Controllers\LoginController))
 7 SYSTEMPATH\CodeIgniter.php(354): CodeIgniter\CodeIgniter->handleRequest(null, Object(Config\Cache), false)
 8 SYSTEMPATH\Boot.php(334): CodeIgniter\CodeIgniter->run()
 9 SYSTEMPATH\Boot.php(67): CodeIgniter\Boot::runCodeIgniter(Object(CodeIgniter\CodeIgniter))
10 FCPATH\index.php(59): CodeIgniter\Boot::bootWeb(Object(Config\Paths))
11 SYSTEMPATH\rewrite.php(44): require_once('C:\\xampp\\htdocs\\Quick - original projet\\public\\index.php')
ERROR - 2025-06-21 14:36:48 --> mysqli_sql_exception: Unknown column 'profil' in 'field list' in C:\xampp\htdocs\Quick - original projet\system\Database\MySQLi\Connection.php:327
Stack trace:
#0 C:\xampp\htdocs\Quick - original projet\system\Database\MySQLi\Connection.php(327): mysqli->query('Select sum(prof...', 0)
#1 C:\xampp\htdocs\Quick - original projet\system\Database\BaseConnection.php(738): CodeIgniter\Database\MySQLi\Connection->execute('Select sum(prof...')
#2 C:\xampp\htdocs\Quick - original projet\system\Database\BaseConnection.php(652): CodeIgniter\Database\BaseConnection->simpleQuery('Select sum(prof...')
#3 C:\xampp\htdocs\Quick - original projet\app\Controllers\LoginController.php(61): CodeIgniter\Database\BaseConnection->query('Select sum(prof...')
#4 C:\xampp\htdocs\Quick - original projet\system\CodeIgniter.php(933): App\Controllers\LoginController->dashbord()
#5 C:\xampp\htdocs\Quick - original projet\system\CodeIgniter.php(507): CodeIgniter\CodeIgniter->runController(Object(App\Controllers\LoginController))
#6 C:\xampp\htdocs\Quick - original projet\system\CodeIgniter.php(354): CodeIgniter\CodeIgniter->handleRequest(NULL, Object(Config\Cache), false)
#7 C:\xampp\htdocs\Quick - original projet\system\Boot.php(334): CodeIgniter\CodeIgniter->run()
#8 C:\xampp\htdocs\Quick - original projet\system\Boot.php(67): CodeIgniter\Boot::runCodeIgniter(Object(CodeIgniter\CodeIgniter))
#9 C:\xampp\htdocs\Quick - original projet\public\index.php(59): CodeIgniter\Boot::bootWeb(Object(Config\Paths))
#10 C:\xampp\htdocs\Quick - original projet\system\rewrite.php(44): require_once('C:\\xampp\\htdocs...')
#11 {main}
CRITICAL - 2025-06-21 14:36:48 --> CodeIgniter\Database\Exceptions\DatabaseException: Unknown column 'profil' in 'field list'
[Method: GET, Route: dashbord]
in SYSTEMPATH\Database\BaseConnection.php on line 692.
 1 APPPATH\Controllers\LoginController.php(61): CodeIgniter\Database\BaseConnection->query('Select sum(profil) as total_profit from operations_table')
 2 SYSTEMPATH\CodeIgniter.php(933): App\Controllers\LoginController->dashbord()
 3 SYSTEMPATH\CodeIgniter.php(507): CodeIgniter\CodeIgniter->runController(Object(App\Controllers\LoginController))
 4 SYSTEMPATH\CodeIgniter.php(354): CodeIgniter\CodeIgniter->handleRequest(null, Object(Config\Cache), false)
 5 SYSTEMPATH\Boot.php(334): CodeIgniter\CodeIgniter->run()
 6 SYSTEMPATH\Boot.php(67): CodeIgniter\Boot::runCodeIgniter(Object(CodeIgniter\CodeIgniter))
 7 FCPATH\index.php(59): CodeIgniter\Boot::bootWeb(Object(Config\Paths))
 8 SYSTEMPATH\rewrite.php(44): require_once('C:\\xampp\\htdocs\\Quick - original projet\\public\\index.php')
CRITICAL - 2025-06-21 14:36:48 --> [Caused by] CodeIgniter\Database\Exceptions\DatabaseException: Unknown column 'profil' in 'field list'
in SYSTEMPATH\Database\MySQLi\Connection.php on line 332.
 1 SYSTEMPATH\Database\BaseConnection.php(738): CodeIgniter\Database\MySQLi\Connection->execute('Select sum(profil) as total_profit from operations_table')
 2 SYSTEMPATH\Database\BaseConnection.php(652): CodeIgniter\Database\BaseConnection->simpleQuery('Select sum(profil) as total_profit from operations_table')
 3 APPPATH\Controllers\LoginController.php(61): CodeIgniter\Database\BaseConnection->query('Select sum(profil) as total_profit from operations_table')
 4 SYSTEMPATH\CodeIgniter.php(933): App\Controllers\LoginController->dashbord()
 5 SYSTEMPATH\CodeIgniter.php(507): CodeIgniter\CodeIgniter->runController(Object(App\Controllers\LoginController))
 6 SYSTEMPATH\CodeIgniter.php(354): CodeIgniter\CodeIgniter->handleRequest(null, Object(Config\Cache), false)
 7 SYSTEMPATH\Boot.php(334): CodeIgniter\CodeIgniter->run()
 8 SYSTEMPATH\Boot.php(67): CodeIgniter\Boot::runCodeIgniter(Object(CodeIgniter\CodeIgniter))
 9 FCPATH\index.php(59): CodeIgniter\Boot::bootWeb(Object(Config\Paths))
10 SYSTEMPATH\rewrite.php(44): require_once('C:\\xampp\\htdocs\\Quick - original projet\\public\\index.php')
CRITICAL - 2025-06-21 14:36:48 --> [Caused by] mysqli_sql_exception: Unknown column 'profil' in 'field list'
in SYSTEMPATH\Database\MySQLi\Connection.php on line 327.
 1 SYSTEMPATH\Database\MySQLi\Connection.php(327): mysqli->query('Select sum(profil) as total_profit from operations_table', 0)
 2 SYSTEMPATH\Database\BaseConnection.php(738): CodeIgniter\Database\MySQLi\Connection->execute('Select sum(profil) as total_profit from operations_table')
 3 SYSTEMPATH\Database\BaseConnection.php(652): CodeIgniter\Database\BaseConnection->simpleQuery('Select sum(profil) as total_profit from operations_table')
 4 APPPATH\Controllers\LoginController.php(61): CodeIgniter\Database\BaseConnection->query('Select sum(profil) as total_profit from operations_table')
 5 SYSTEMPATH\CodeIgniter.php(933): App\Controllers\LoginController->dashbord()
 6 SYSTEMPATH\CodeIgniter.php(507): CodeIgniter\CodeIgniter->runController(Object(App\Controllers\LoginController))
 7 SYSTEMPATH\CodeIgniter.php(354): CodeIgniter\CodeIgniter->handleRequest(null, Object(Config\Cache), false)
 8 SYSTEMPATH\Boot.php(334): CodeIgniter\CodeIgniter->run()
 9 SYSTEMPATH\Boot.php(67): CodeIgniter\Boot::runCodeIgniter(Object(CodeIgniter\CodeIgniter))
10 FCPATH\index.php(59): CodeIgniter\Boot::bootWeb(Object(Config\Paths))
11 SYSTEMPATH\rewrite.php(44): require_once('C:\\xampp\\htdocs\\Quick - original projet\\public\\index.php')
CRITICAL - 2025-06-21 14:37:02 --> Error: Cannot use object of type stdClass as array
[Method: GET, Route: dashbord]
in APPPATH\Views\dashbord.php on line 59.
 1 SYSTEMPATH\View\View.php(224): include()
 2 SYSTEMPATH\View\View.php(227): CodeIgniter\View\View->CodeIgniter\View\{closure}()
 3 SYSTEMPATH\Common.php(1173): CodeIgniter\View\View->render('dashbord', [], true)
 4 APPPATH\Controllers\LoginController.php(74): view('dashbord', [...])
 5 SYSTEMPATH\CodeIgniter.php(933): App\Controllers\LoginController->dashbord()
 6 SYSTEMPATH\CodeIgniter.php(507): CodeIgniter\CodeIgniter->runController(Object(App\Controllers\LoginController))
 7 SYSTEMPATH\CodeIgniter.php(354): CodeIgniter\CodeIgniter->handleRequest(null, Object(Config\Cache), false)
 8 SYSTEMPATH\Boot.php(334): CodeIgniter\CodeIgniter->run()
 9 SYSTEMPATH\Boot.php(67): CodeIgniter\Boot::runCodeIgniter(Object(CodeIgniter\CodeIgniter))
10 FCPATH\index.php(59): CodeIgniter\Boot::bootWeb(Object(Config\Paths))
11 SYSTEMPATH\rewrite.php(44): require_once('C:\\xampp\\htdocs\\Quick - original projet\\public\\index.php')
CRITICAL - 2025-06-21 14:37:39 --> Error: Cannot use object of type stdClass as array
[Method: GET, Route: dashbord]
in APPPATH\Views\dashbord.php on line 59.
 1 SYSTEMPATH\View\View.php(224): include()
 2 SYSTEMPATH\View\View.php(227): CodeIgniter\View\View->CodeIgniter\View\{closure}()
 3 SYSTEMPATH\Common.php(1173): CodeIgniter\View\View->render('dashbord', [], true)
 4 APPPATH\Controllers\LoginController.php(74): view('dashbord', [...])
 5 SYSTEMPATH\CodeIgniter.php(933): App\Controllers\LoginController->dashbord()
 6 SYSTEMPATH\CodeIgniter.php(507): CodeIgniter\CodeIgniter->runController(Object(App\Controllers\LoginController))
 7 SYSTEMPATH\CodeIgniter.php(354): CodeIgniter\CodeIgniter->handleRequest(null, Object(Config\Cache), false)
 8 SYSTEMPATH\Boot.php(334): CodeIgniter\CodeIgniter->run()
 9 SYSTEMPATH\Boot.php(67): CodeIgniter\Boot::runCodeIgniter(Object(CodeIgniter\CodeIgniter))
10 FCPATH\index.php(59): CodeIgniter\Boot::bootWeb(Object(Config\Paths))
11 SYSTEMPATH\rewrite.php(44): require_once('C:\\xampp\\htdocs\\Quick - original projet\\public\\index.php')
CRITICAL - 2025-06-21 14:38:09 --> Error: Cannot use object of type stdClass as array
[Method: GET, Route: dashbord]
in APPPATH\Views\dashbord.php on line 59.
 1 SYSTEMPATH\View\View.php(224): include()
 2 SYSTEMPATH\View\View.php(227): CodeIgniter\View\View->CodeIgniter\View\{closure}()
 3 SYSTEMPATH\Common.php(1173): CodeIgniter\View\View->render('dashbord', [], true)
 4 APPPATH\Controllers\LoginController.php(74): view('dashbord', [...])
 5 SYSTEMPATH\CodeIgniter.php(933): App\Controllers\LoginController->dashbord()
 6 SYSTEMPATH\CodeIgniter.php(507): CodeIgniter\CodeIgniter->runController(Object(App\Controllers\LoginController))
 7 SYSTEMPATH\CodeIgniter.php(354): CodeIgniter\CodeIgniter->handleRequest(null, Object(Config\Cache), false)
 8 SYSTEMPATH\Boot.php(334): CodeIgniter\CodeIgniter->run()
 9 SYSTEMPATH\Boot.php(67): CodeIgniter\Boot::runCodeIgniter(Object(CodeIgniter\CodeIgniter))
10 FCPATH\index.php(59): CodeIgniter\Boot::bootWeb(Object(Config\Paths))
11 SYSTEMPATH\rewrite.php(44): require_once('C:\\xampp\\htdocs\\Quick - original projet\\public\\index.php')
CRITICAL - 2025-06-21 14:39:00 --> Error: Cannot use object of type stdClass as array
[Method: GET, Route: dashbord]
in APPPATH\Views\dashbord.php on line 59.
 1 SYSTEMPATH\View\View.php(224): include()
 2 SYSTEMPATH\View\View.php(227): CodeIgniter\View\View->CodeIgniter\View\{closure}()
 3 SYSTEMPATH\Common.php(1173): CodeIgniter\View\View->render('dashbord', [], true)
 4 APPPATH\Controllers\LoginController.php(74): view('dashbord', [...])
 5 SYSTEMPATH\CodeIgniter.php(933): App\Controllers\LoginController->dashbord()
 6 SYSTEMPATH\CodeIgniter.php(507): CodeIgniter\CodeIgniter->runController(Object(App\Controllers\LoginController))
 7 SYSTEMPATH\CodeIgniter.php(354): CodeIgniter\CodeIgniter->handleRequest(null, Object(Config\Cache), false)
 8 SYSTEMPATH\Boot.php(334): CodeIgniter\CodeIgniter->run()
 9 SYSTEMPATH\Boot.php(67): CodeIgniter\Boot::runCodeIgniter(Object(CodeIgniter\CodeIgniter))
10 FCPATH\index.php(59): CodeIgniter\Boot::bootWeb(Object(Config\Paths))
11 SYSTEMPATH\rewrite.php(44): require_once('C:\\xampp\\htdocs\\Quick - original projet\\public\\index.php')
CRITICAL - 2025-06-21 14:40:36 --> TypeError: number_format(): Argument #1 ($num) must be of type float, stdClass given
[Method: GET, Route: dashbord]
in APPPATH\Views\dashbord.php on line 59.
 1 APPPATH\Views\dashbord.php(59): number_format(Object(stdClass), 2)
 2 SYSTEMPATH\View\View.php(224): include('C:\\xampp\\htdocs\\Quick - original projet\\app\\Views\\dashbord.php')
 3 SYSTEMPATH\View\View.php(227): CodeIgniter\View\View->CodeIgniter\View\{closure}()
 4 SYSTEMPATH\Common.php(1173): CodeIgniter\View\View->render('dashbord', [], true)
 5 APPPATH\Controllers\LoginController.php(74): view('dashbord', [...])
 6 SYSTEMPATH\CodeIgniter.php(933): App\Controllers\LoginController->dashbord()
 7 SYSTEMPATH\CodeIgniter.php(507): CodeIgniter\CodeIgniter->runController(Object(App\Controllers\LoginController))
 8 SYSTEMPATH\CodeIgniter.php(354): CodeIgniter\CodeIgniter->handleRequest(null, Object(Config\Cache), false)
 9 SYSTEMPATH\Boot.php(334): CodeIgniter\CodeIgniter->run()
10 SYSTEMPATH\Boot.php(67): CodeIgniter\Boot::runCodeIgniter(Object(CodeIgniter\CodeIgniter))
11 FCPATH\index.php(59): CodeIgniter\Boot::bootWeb(Object(Config\Paths))
12 SYSTEMPATH\rewrite.php(44): require_once('C:\\xampp\\htdocs\\Quick - original projet\\public\\index.php')
CRITICAL - 2025-06-21 14:40:43 --> TypeError: number_format(): Argument #1 ($num) must be of type float, stdClass given
[Method: GET, Route: dashbord]
in APPPATH\Views\dashbord.php on line 59.
 1 APPPATH\Views\dashbord.php(59): number_format(Object(stdClass), 2)
 2 SYSTEMPATH\View\View.php(224): include('C:\\xampp\\htdocs\\Quick - original projet\\app\\Views\\dashbord.php')
 3 SYSTEMPATH\View\View.php(227): CodeIgniter\View\View->CodeIgniter\View\{closure}()
 4 SYSTEMPATH\Common.php(1173): CodeIgniter\View\View->render('dashbord', [], true)
 5 APPPATH\Controllers\LoginController.php(74): view('dashbord', [...])
 6 SYSTEMPATH\CodeIgniter.php(933): App\Controllers\LoginController->dashbord()
 7 SYSTEMPATH\CodeIgniter.php(507): CodeIgniter\CodeIgniter->runController(Object(App\Controllers\LoginController))
 8 SYSTEMPATH\CodeIgniter.php(354): CodeIgniter\CodeIgniter->handleRequest(null, Object(Config\Cache), false)
 9 SYSTEMPATH\Boot.php(334): CodeIgniter\CodeIgniter->run()
10 SYSTEMPATH\Boot.php(67): CodeIgniter\Boot::runCodeIgniter(Object(CodeIgniter\CodeIgniter))
11 FCPATH\index.php(59): CodeIgniter\Boot::bootWeb(Object(Config\Paths))
12 SYSTEMPATH\rewrite.php(44): require_once('C:\\xampp\\htdocs\\Quick - original projet\\public\\index.php')
CRITICAL - 2025-06-21 14:40:46 --> TypeError: number_format(): Argument #1 ($num) must be of type float, stdClass given
[Method: GET, Route: dashbord]
in APPPATH\Views\dashbord.php on line 59.
 1 APPPATH\Views\dashbord.php(59): number_format(Object(stdClass), 2)
 2 SYSTEMPATH\View\View.php(224): include('C:\\xampp\\htdocs\\Quick - original projet\\app\\Views\\dashbord.php')
 3 SYSTEMPATH\View\View.php(227): CodeIgniter\View\View->CodeIgniter\View\{closure}()
 4 SYSTEMPATH\Common.php(1173): CodeIgniter\View\View->render('dashbord', [], true)
 5 APPPATH\Controllers\LoginController.php(74): view('dashbord', [...])
 6 SYSTEMPATH\CodeIgniter.php(933): App\Controllers\LoginController->dashbord()
 7 SYSTEMPATH\CodeIgniter.php(507): CodeIgniter\CodeIgniter->runController(Object(App\Controllers\LoginController))
 8 SYSTEMPATH\CodeIgniter.php(354): CodeIgniter\CodeIgniter->handleRequest(null, Object(Config\Cache), false)
 9 SYSTEMPATH\Boot.php(334): CodeIgniter\CodeIgniter->run()
10 SYSTEMPATH\Boot.php(67): CodeIgniter\Boot::runCodeIgniter(Object(CodeIgniter\CodeIgniter))
11 FCPATH\index.php(59): CodeIgniter\Boot::bootWeb(Object(Config\Paths))
12 SYSTEMPATH\rewrite.php(44): require_once('C:\\xampp\\htdocs\\Quick - original projet\\public\\index.php')
CRITICAL - 2025-06-21 15:22:15 --> TypeError: Unsupported operand types: int + string
[Method: POST, Route: operations/save]
in APPPATH\Controllers\OperationController.php on line 87.
 1 SYSTEMPATH\CodeIgniter.php(933): App\Controllers\OperationController->save()
 2 SYSTEMPATH\CodeIgniter.php(507): CodeIgniter\CodeIgniter->runController(Object(App\Controllers\OperationController))
 3 SYSTEMPATH\CodeIgniter.php(354): CodeIgniter\CodeIgniter->handleRequest(null, Object(Config\Cache), false)
 4 SYSTEMPATH\Boot.php(334): CodeIgniter\CodeIgniter->run()
 5 SYSTEMPATH\Boot.php(67): CodeIgniter\Boot::runCodeIgniter(Object(CodeIgniter\CodeIgniter))
 6 FCPATH\index.php(59): CodeIgniter\Boot::bootWeb(Object(Config\Paths))
 7 SYSTEMPATH\rewrite.php(44): require_once('C:\\xampp\\htdocs\\Quick - original projet\\public\\index.php')
CRITICAL - 2025-06-21 15:22:36 --> TypeError: Unsupported operand types: int + string
[Method: POST, Route: operations/save]
in APPPATH\Controllers\OperationController.php on line 87.
 1 SYSTEMPATH\CodeIgniter.php(933): App\Controllers\OperationController->save()
 2 SYSTEMPATH\CodeIgniter.php(507): CodeIgniter\CodeIgniter->runController(Object(App\Controllers\OperationController))
 3 SYSTEMPATH\CodeIgniter.php(354): CodeIgniter\CodeIgniter->handleRequest(null, Object(Config\Cache), false)
 4 SYSTEMPATH\Boot.php(334): CodeIgniter\CodeIgniter->run()
 5 SYSTEMPATH\Boot.php(67): CodeIgniter\Boot::runCodeIgniter(Object(CodeIgniter\CodeIgniter))
 6 FCPATH\index.php(59): CodeIgniter\Boot::bootWeb(Object(Config\Paths))
 7 SYSTEMPATH\rewrite.php(44): require_once('C:\\xampp\\htdocs\\Quick - original projet\\public\\index.php')
CRITICAL - 2025-06-21 15:54:59 --> TypeError: Unsupported operand types: int + string
[Method: POST, Route: operations/save]
in APPPATH\Controllers\OperationController.php on line 87.
 1 SYSTEMPATH\CodeIgniter.php(933): App\Controllers\OperationController->save()
 2 SYSTEMPATH\CodeIgniter.php(507): CodeIgniter\CodeIgniter->runController(Object(App\Controllers\OperationController))
 3 SYSTEMPATH\CodeIgniter.php(354): CodeIgniter\CodeIgniter->handleRequest(null, Object(Config\Cache), false)
 4 SYSTEMPATH\Boot.php(334): CodeIgniter\CodeIgniter->run()
 5 SYSTEMPATH\Boot.php(67): CodeIgniter\Boot::runCodeIgniter(Object(CodeIgniter\CodeIgniter))
 6 FCPATH\index.php(59): CodeIgniter\Boot::bootWeb(Object(Config\Paths))
 7 SYSTEMPATH\rewrite.php(44): require_once('C:\\xampp\\htdocs\\Quick - original projet\\public\\index.php')
CRITICAL - 2025-06-21 15:55:52 --> TypeError: Unsupported operand types: int + string
[Method: POST, Route: operations/save]
in APPPATH\Controllers\OperationController.php on line 87.
 1 SYSTEMPATH\CodeIgniter.php(933): App\Controllers\OperationController->save()
 2 SYSTEMPATH\CodeIgniter.php(507): CodeIgniter\CodeIgniter->runController(Object(App\Controllers\OperationController))
 3 SYSTEMPATH\CodeIgniter.php(354): CodeIgniter\CodeIgniter->handleRequest(null, Object(Config\Cache), false)
 4 SYSTEMPATH\Boot.php(334): CodeIgniter\CodeIgniter->run()
 5 SYSTEMPATH\Boot.php(67): CodeIgniter\Boot::runCodeIgniter(Object(CodeIgniter\CodeIgniter))
 6 FCPATH\index.php(59): CodeIgniter\Boot::bootWeb(Object(Config\Paths))
 7 SYSTEMPATH\rewrite.php(44): require_once('C:\\xampp\\htdocs\\Quick - original projet\\public\\index.php')
CRITICAL - 2025-06-21 15:57:14 --> TypeError: Unsupported operand types: int + string
[Method: POST, Route: operations/save]
in APPPATH\Controllers\OperationController.php on line 87.
 1 SYSTEMPATH\CodeIgniter.php(933): App\Controllers\OperationController->save()
 2 SYSTEMPATH\CodeIgniter.php(507): CodeIgniter\CodeIgniter->runController(Object(App\Controllers\OperationController))
 3 SYSTEMPATH\CodeIgniter.php(354): CodeIgniter\CodeIgniter->handleRequest(null, Object(Config\Cache), false)
 4 SYSTEMPATH\Boot.php(334): CodeIgniter\CodeIgniter->run()
 5 SYSTEMPATH\Boot.php(67): CodeIgniter\Boot::runCodeIgniter(Object(CodeIgniter\CodeIgniter))
 6 FCPATH\index.php(59): CodeIgniter\Boot::bootWeb(Object(Config\Paths))
 7 SYSTEMPATH\rewrite.php(44): require_once('C:\\xampp\\htdocs\\Quick - original projet\\public\\index.php')
CRITICAL - 2025-06-21 22:57:14 --> CodeIgniter\View\Exceptions\ViewException: Invalid file: "Sending/show.php"
[Method: GET, Route: operations/edit/88]
in SYSTEMPATH\Exceptions\FrameworkException.php on line 39.
 1 SYSTEMPATH\View\View.php(212): CodeIgniter\Exceptions\FrameworkException::forInvalidFile('Sending/show.php')
 2 SYSTEMPATH\Common.php(1173): CodeIgniter\View\View->render('Sending/show', [], true)
 3 APPPATH\Controllers\OperationController.php(127): view('Sending/show', [...])
 4 SYSTEMPATH\CodeIgniter.php(933): App\Controllers\OperationController->edit('88')
 5 SYSTEMPATH\CodeIgniter.php(507): CodeIgniter\CodeIgniter->runController(Object(App\Controllers\OperationController))
 6 SYSTEMPATH\CodeIgniter.php(354): CodeIgniter\CodeIgniter->handleRequest(null, Object(Config\Cache), false)
 7 SYSTEMPATH\Boot.php(334): CodeIgniter\CodeIgniter->run()
 8 SYSTEMPATH\Boot.php(67): CodeIgniter\Boot::runCodeIgniter(Object(CodeIgniter\CodeIgniter))
 9 FCPATH\index.php(59): CodeIgniter\Boot::bootWeb(Object(Config\Paths))
10 SYSTEMPATH\rewrite.php(44): require_once('C:\\xampp\\htdocs\\Quick - original projet\\public\\index.php')
CRITICAL - 2025-06-21 22:58:23 --> CodeIgniter\View\Exceptions\ViewException: Invalid file: "Sending/show.php"
[Method: GET, Route: operations/edit/88]
in SYSTEMPATH\Exceptions\FrameworkException.php on line 39.
 1 SYSTEMPATH\View\View.php(212): CodeIgniter\Exceptions\FrameworkException::forInvalidFile('Sending/show.php')
 2 SYSTEMPATH\Common.php(1173): CodeIgniter\View\View->render('Sending/show', [], true)
 3 APPPATH\Controllers\OperationController.php(127): view('Sending/show', [...])
 4 SYSTEMPATH\CodeIgniter.php(933): App\Controllers\OperationController->edit('88')
 5 SYSTEMPATH\CodeIgniter.php(507): CodeIgniter\CodeIgniter->runController(Object(App\Controllers\OperationController))
 6 SYSTEMPATH\CodeIgniter.php(354): CodeIgniter\CodeIgniter->handleRequest(null, Object(Config\Cache), false)
 7 SYSTEMPATH\Boot.php(334): CodeIgniter\CodeIgniter->run()
 8 SYSTEMPATH\Boot.php(67): CodeIgniter\Boot::runCodeIgniter(Object(CodeIgniter\CodeIgniter))
 9 FCPATH\index.php(59): CodeIgniter\Boot::bootWeb(Object(Config\Paths))
10 SYSTEMPATH\rewrite.php(44): require_once('C:\\xampp\\htdocs\\Quick - original projet\\public\\index.php')
CRITICAL - 2025-06-21 22:58:26 --> CodeIgniter\View\Exceptions\ViewException: Invalid file: "Sending/show.php"
[Method: GET, Route: operations/edit/88]
in SYSTEMPATH\Exceptions\FrameworkException.php on line 39.
 1 SYSTEMPATH\View\View.php(212): CodeIgniter\Exceptions\FrameworkException::forInvalidFile('Sending/show.php')
 2 SYSTEMPATH\Common.php(1173): CodeIgniter\View\View->render('Sending/show', [], true)
 3 APPPATH\Controllers\OperationController.php(127): view('Sending/show', [...])
 4 SYSTEMPATH\CodeIgniter.php(933): App\Controllers\OperationController->edit('88')
 5 SYSTEMPATH\CodeIgniter.php(507): CodeIgniter\CodeIgniter->runController(Object(App\Controllers\OperationController))
 6 SYSTEMPATH\CodeIgniter.php(354): CodeIgniter\CodeIgniter->handleRequest(null, Object(Config\Cache), false)
 7 SYSTEMPATH\Boot.php(334): CodeIgniter\CodeIgniter->run()
 8 SYSTEMPATH\Boot.php(67): CodeIgniter\Boot::runCodeIgniter(Object(CodeIgniter\CodeIgniter))
 9 FCPATH\index.php(59): CodeIgniter\Boot::bootWeb(Object(Config\Paths))
10 SYSTEMPATH\rewrite.php(44): require_once('C:\\xampp\\htdocs\\Quick - original projet\\public\\index.php')
CRITICAL - 2025-06-21 22:58:56 --> CodeIgniter\View\Exceptions\ViewException: Invalid file: "Sending/edit.php"
[Method: GET, Route: operations/edit/88]
in SYSTEMPATH\Exceptions\FrameworkException.php on line 39.
 1 SYSTEMPATH\View\View.php(212): CodeIgniter\Exceptions\FrameworkException::forInvalidFile('Sending/edit.php')
 2 SYSTEMPATH\Common.php(1173): CodeIgniter\View\View->render('Sending/edit', [], true)
 3 APPPATH\Controllers\OperationController.php(127): view('Sending/edit', [...])
 4 SYSTEMPATH\CodeIgniter.php(933): App\Controllers\OperationController->edit('88')
 5 SYSTEMPATH\CodeIgniter.php(507): CodeIgniter\CodeIgniter->runController(Object(App\Controllers\OperationController))
 6 SYSTEMPATH\CodeIgniter.php(354): CodeIgniter\CodeIgniter->handleRequest(null, Object(Config\Cache), false)
 7 SYSTEMPATH\Boot.php(334): CodeIgniter\CodeIgniter->run()
 8 SYSTEMPATH\Boot.php(67): CodeIgniter\Boot::runCodeIgniter(Object(CodeIgniter\CodeIgniter))
 9 FCPATH\index.php(59): CodeIgniter\Boot::bootWeb(Object(Config\Paths))
10 SYSTEMPATH\rewrite.php(44): require_once('C:\\xampp\\htdocs\\Quick - original projet\\public\\index.php')
CRITICAL - 2025-06-21 22:58:57 --> CodeIgniter\View\Exceptions\ViewException: Invalid file: "Sending/edit.php"
[Method: GET, Route: operations/edit/88]
in SYSTEMPATH\Exceptions\FrameworkException.php on line 39.
 1 SYSTEMPATH\View\View.php(212): CodeIgniter\Exceptions\FrameworkException::forInvalidFile('Sending/edit.php')
 2 SYSTEMPATH\Common.php(1173): CodeIgniter\View\View->render('Sending/edit', [], true)
 3 APPPATH\Controllers\OperationController.php(127): view('Sending/edit', [...])
 4 SYSTEMPATH\CodeIgniter.php(933): App\Controllers\OperationController->edit('88')
 5 SYSTEMPATH\CodeIgniter.php(507): CodeIgniter\CodeIgniter->runController(Object(App\Controllers\OperationController))
 6 SYSTEMPATH\CodeIgniter.php(354): CodeIgniter\CodeIgniter->handleRequest(null, Object(Config\Cache), false)
 7 SYSTEMPATH\Boot.php(334): CodeIgniter\CodeIgniter->run()
 8 SYSTEMPATH\Boot.php(67): CodeIgniter\Boot::runCodeIgniter(Object(CodeIgniter\CodeIgniter))
 9 FCPATH\index.php(59): CodeIgniter\Boot::bootWeb(Object(Config\Paths))
10 SYSTEMPATH\rewrite.php(44): require_once('C:\\xampp\\htdocs\\Quick - original projet\\public\\index.php')
CRITICAL - 2025-06-21 23:06:39 --> ErrorException: Undefined variable $operations_data
[Method: GET, Route: operations/edit/86]
in APPPATH\Views\operation\edit.php on line 4.
 1 APPPATH\Views\operation\edit.php(4): CodeIgniter\Debug\Exceptions->errorHandler(2, 'Undefined variable $operations_data', 'C:\\xampp\\htdocs\\Quick - original projet\\app\\Views\\operation\\edit.php', 4)
 2 SYSTEMPATH\View\View.php(224): include('C:\\xampp\\htdocs\\Quick - original projet\\app\\Views\\operation\\edit.php')
 3 SYSTEMPATH\View\View.php(227): CodeIgniter\View\View->CodeIgniter\View\{closure}()
 4 SYSTEMPATH\Common.php(1173): CodeIgniter\View\View->render('operation/edit', [], true)
 5 APPPATH\Controllers\OperationController.php(127): view('operation/edit', [...])
 6 SYSTEMPATH\CodeIgniter.php(933): App\Controllers\OperationController->edit('86')
 7 SYSTEMPATH\CodeIgniter.php(507): CodeIgniter\CodeIgniter->runController(Object(App\Controllers\OperationController))
 8 SYSTEMPATH\CodeIgniter.php(354): CodeIgniter\CodeIgniter->handleRequest(null, Object(Config\Cache), false)
 9 SYSTEMPATH\Boot.php(334): CodeIgniter\CodeIgniter->run()
10 SYSTEMPATH\Boot.php(67): CodeIgniter\Boot::runCodeIgniter(Object(CodeIgniter\CodeIgniter))
11 FCPATH\index.php(59): CodeIgniter\Boot::bootWeb(Object(Config\Paths))
12 SYSTEMPATH\rewrite.php(44): require_once('C:\\xampp\\htdocs\\Quick - original projet\\public\\index.php')
CRITICAL - 2025-06-21 23:16:44 --> ErrorException: Undefined variable $operations_data
[Method: GET, Route: operations/edit/84]
in APPPATH\Views\operation\edit.php on line 4.
 1 APPPATH\Views\operation\edit.php(4): CodeIgniter\Debug\Exceptions->errorHandler(2, 'Undefined variable $operations_data', 'C:\\xampp\\htdocs\\Quick - original projet\\app\\Views\\operation\\edit.php', 4)
 2 SYSTEMPATH\View\View.php(224): include('C:\\xampp\\htdocs\\Quick - original projet\\app\\Views\\operation\\edit.php')
 3 SYSTEMPATH\View\View.php(227): CodeIgniter\View\View->CodeIgniter\View\{closure}()
 4 SYSTEMPATH\Common.php(1173): CodeIgniter\View\View->render('operation/edit', [], true)
 5 APPPATH\Controllers\OperationController.php(127): view('operation/edit', [...])
 6 SYSTEMPATH\CodeIgniter.php(933): App\Controllers\OperationController->edit('84')
 7 SYSTEMPATH\CodeIgniter.php(507): CodeIgniter\CodeIgniter->runController(Object(App\Controllers\OperationController))
 8 SYSTEMPATH\CodeIgniter.php(354): CodeIgniter\CodeIgniter->handleRequest(null, Object(Config\Cache), false)
 9 SYSTEMPATH\Boot.php(334): CodeIgniter\CodeIgniter->run()
10 SYSTEMPATH\Boot.php(67): CodeIgniter\Boot::runCodeIgniter(Object(CodeIgniter\CodeIgniter))
11 FCPATH\index.php(59): CodeIgniter\Boot::bootWeb(Object(Config\Paths))
12 SYSTEMPATH\rewrite.php(44): require_once('C:\\xampp\\htdocs\\Quick - original projet\\public\\index.php')
CRITICAL - 2025-06-21 23:28:04 --> ErrorException: Undefined variable $operations_data
[Method: GET, Route: operations/edit/84]
in APPPATH\Views\operation\edit.php on line 11.
 1 APPPATH\Views\operation\edit.php(11): CodeIgniter\Debug\Exceptions->errorHandler(2, 'Undefined variable $operations_data', 'C:\\xampp\\htdocs\\Quick - original projet\\app\\Views\\operation\\edit.php', 11)
 2 SYSTEMPATH\View\View.php(224): include('C:\\xampp\\htdocs\\Quick - original projet\\app\\Views\\operation\\edit.php')
 3 SYSTEMPATH\View\View.php(227): CodeIgniter\View\View->CodeIgniter\View\{closure}()
 4 SYSTEMPATH\Common.php(1173): CodeIgniter\View\View->render('operation/edit', [], true)
 5 APPPATH\Controllers\OperationController.php(127): view('operation/edit', [...])
 6 SYSTEMPATH\CodeIgniter.php(933): App\Controllers\OperationController->edit('84')
 7 SYSTEMPATH\CodeIgniter.php(507): CodeIgniter\CodeIgniter->runController(Object(App\Controllers\OperationController))
 8 SYSTEMPATH\CodeIgniter.php(354): CodeIgniter\CodeIgniter->handleRequest(null, Object(Config\Cache), false)
 9 SYSTEMPATH\Boot.php(334): CodeIgniter\CodeIgniter->run()
10 SYSTEMPATH\Boot.php(67): CodeIgniter\Boot::runCodeIgniter(Object(CodeIgniter\CodeIgniter))
11 FCPATH\index.php(59): CodeIgniter\Boot::bootWeb(Object(Config\Paths))
12 SYSTEMPATH\rewrite.php(44): require_once('C:\\xampp\\htdocs\\Quick - original projet\\public\\index.php')
CRITICAL - 2025-06-21 23:28:37 --> ErrorException: Undefined variable $operations_data
[Method: GET, Route: operations/edit/84]
in APPPATH\Views\operation\edit.php on line 11.
 1 APPPATH\Views\operation\edit.php(11): CodeIgniter\Debug\Exceptions->errorHandler(2, 'Undefined variable $operations_data', 'C:\\xampp\\htdocs\\Quick - original projet\\app\\Views\\operation\\edit.php', 11)
 2 SYSTEMPATH\View\View.php(224): include('C:\\xampp\\htdocs\\Quick - original projet\\app\\Views\\operation\\edit.php')
 3 SYSTEMPATH\View\View.php(227): CodeIgniter\View\View->CodeIgniter\View\{closure}()
 4 SYSTEMPATH\Common.php(1173): CodeIgniter\View\View->render('operation/edit', [], true)
 5 APPPATH\Controllers\OperationController.php(127): view('operation/edit', [...])
 6 SYSTEMPATH\CodeIgniter.php(933): App\Controllers\OperationController->edit('84')
 7 SYSTEMPATH\CodeIgniter.php(507): CodeIgniter\CodeIgniter->runController(Object(App\Controllers\OperationController))
 8 SYSTEMPATH\CodeIgniter.php(354): CodeIgniter\CodeIgniter->handleRequest(null, Object(Config\Cache), false)
 9 SYSTEMPATH\Boot.php(334): CodeIgniter\CodeIgniter->run()
10 SYSTEMPATH\Boot.php(67): CodeIgniter\Boot::runCodeIgniter(Object(CodeIgniter\CodeIgniter))
11 FCPATH\index.php(59): CodeIgniter\Boot::bootWeb(Object(Config\Paths))
12 SYSTEMPATH\rewrite.php(44): require_once('C:\\xampp\\htdocs\\Quick - original projet\\public\\index.php')
CRITICAL - 2025-06-21 23:28:39 --> ErrorException: Undefined variable $operations_data
[Method: GET, Route: operations/edit/84]
in APPPATH\Views\operation\edit.php on line 11.
 1 APPPATH\Views\operation\edit.php(11): CodeIgniter\Debug\Exceptions->errorHandler(2, 'Undefined variable $operations_data', 'C:\\xampp\\htdocs\\Quick - original projet\\app\\Views\\operation\\edit.php', 11)
 2 SYSTEMPATH\View\View.php(224): include('C:\\xampp\\htdocs\\Quick - original projet\\app\\Views\\operation\\edit.php')
 3 SYSTEMPATH\View\View.php(227): CodeIgniter\View\View->CodeIgniter\View\{closure}()
 4 SYSTEMPATH\Common.php(1173): CodeIgniter\View\View->render('operation/edit', [], true)
 5 APPPATH\Controllers\OperationController.php(127): view('operation/edit', [...])
 6 SYSTEMPATH\CodeIgniter.php(933): App\Controllers\OperationController->edit('84')
 7 SYSTEMPATH\CodeIgniter.php(507): CodeIgniter\CodeIgniter->runController(Object(App\Controllers\OperationController))
 8 SYSTEMPATH\CodeIgniter.php(354): CodeIgniter\CodeIgniter->handleRequest(null, Object(Config\Cache), false)
 9 SYSTEMPATH\Boot.php(334): CodeIgniter\CodeIgniter->run()
10 SYSTEMPATH\Boot.php(67): CodeIgniter\Boot::runCodeIgniter(Object(CodeIgniter\CodeIgniter))
11 FCPATH\index.php(59): CodeIgniter\Boot::bootWeb(Object(Config\Paths))
12 SYSTEMPATH\rewrite.php(44): require_once('C:\\xampp\\htdocs\\Quick - original projet\\public\\index.php')
CRITICAL - 2025-06-21 23:28:40 --> ErrorException: Undefined variable $operations_data
[Method: GET, Route: operations/edit/84]
in APPPATH\Views\operation\edit.php on line 11.
 1 APPPATH\Views\operation\edit.php(11): CodeIgniter\Debug\Exceptions->errorHandler(2, 'Undefined variable $operations_data', 'C:\\xampp\\htdocs\\Quick - original projet\\app\\Views\\operation\\edit.php', 11)
 2 SYSTEMPATH\View\View.php(224): include('C:\\xampp\\htdocs\\Quick - original projet\\app\\Views\\operation\\edit.php')
 3 SYSTEMPATH\View\View.php(227): CodeIgniter\View\View->CodeIgniter\View\{closure}()
 4 SYSTEMPATH\Common.php(1173): CodeIgniter\View\View->render('operation/edit', [], true)
 5 APPPATH\Controllers\OperationController.php(127): view('operation/edit', [...])
 6 SYSTEMPATH\CodeIgniter.php(933): App\Controllers\OperationController->edit('84')
 7 SYSTEMPATH\CodeIgniter.php(507): CodeIgniter\CodeIgniter->runController(Object(App\Controllers\OperationController))
 8 SYSTEMPATH\CodeIgniter.php(354): CodeIgniter\CodeIgniter->handleRequest(null, Object(Config\Cache), false)
 9 SYSTEMPATH\Boot.php(334): CodeIgniter\CodeIgniter->run()
10 SYSTEMPATH\Boot.php(67): CodeIgniter\Boot::runCodeIgniter(Object(CodeIgniter\CodeIgniter))
11 FCPATH\index.php(59): CodeIgniter\Boot::bootWeb(Object(Config\Paths))
12 SYSTEMPATH\rewrite.php(44): require_once('C:\\xampp\\htdocs\\Quick - original projet\\public\\index.php')
CRITICAL - 2025-06-21 23:29:30 --> ErrorException: Undefined variable $operations_data
[Method: GET, Route: operations/edit/84]
in APPPATH\Views\operation\edit.php on line 11.
 1 APPPATH\Views\operation\edit.php(11): CodeIgniter\Debug\Exceptions->errorHandler(2, 'Undefined variable $operations_data', 'C:\\xampp\\htdocs\\Quick - original projet\\app\\Views\\operation\\edit.php', 11)
 2 SYSTEMPATH\View\View.php(224): include('C:\\xampp\\htdocs\\Quick - original projet\\app\\Views\\operation\\edit.php')
 3 SYSTEMPATH\View\View.php(227): CodeIgniter\View\View->CodeIgniter\View\{closure}()
 4 SYSTEMPATH\Common.php(1173): CodeIgniter\View\View->render('operation/edit', [], true)
 5 APPPATH\Controllers\OperationController.php(127): view('operation/edit', [...])
 6 SYSTEMPATH\CodeIgniter.php(933): App\Controllers\OperationController->edit('84')
 7 SYSTEMPATH\CodeIgniter.php(507): CodeIgniter\CodeIgniter->runController(Object(App\Controllers\OperationController))
 8 SYSTEMPATH\CodeIgniter.php(354): CodeIgniter\CodeIgniter->handleRequest(null, Object(Config\Cache), false)
 9 SYSTEMPATH\Boot.php(334): CodeIgniter\CodeIgniter->run()
10 SYSTEMPATH\Boot.php(67): CodeIgniter\Boot::runCodeIgniter(Object(CodeIgniter\CodeIgniter))
11 FCPATH\index.php(59): CodeIgniter\Boot::bootWeb(Object(Config\Paths))
12 SYSTEMPATH\rewrite.php(44): require_once('C:\\xampp\\htdocs\\Quick - original projet\\public\\index.php')
CRITICAL - 2025-06-21 23:30:13 --> ErrorException: Undefined variable $operations_data
[Method: GET, Route: operations/edit/84]
in APPPATH\Views\operation\edit.php on line 11.
 1 APPPATH\Views\operation\edit.php(11): CodeIgniter\Debug\Exceptions->errorHandler(2, 'Undefined variable $operations_data', 'C:\\xampp\\htdocs\\Quick - original projet\\app\\Views\\operation\\edit.php', 11)
 2 SYSTEMPATH\View\View.php(224): include('C:\\xampp\\htdocs\\Quick - original projet\\app\\Views\\operation\\edit.php')
 3 SYSTEMPATH\View\View.php(227): CodeIgniter\View\View->CodeIgniter\View\{closure}()
 4 SYSTEMPATH\Common.php(1173): CodeIgniter\View\View->render('operation/edit', [], true)
 5 APPPATH\Controllers\OperationController.php(127): view('operation/edit', [...])
 6 SYSTEMPATH\CodeIgniter.php(933): App\Controllers\OperationController->edit('84')
 7 SYSTEMPATH\CodeIgniter.php(507): CodeIgniter\CodeIgniter->runController(Object(App\Controllers\OperationController))
 8 SYSTEMPATH\CodeIgniter.php(354): CodeIgniter\CodeIgniter->handleRequest(null, Object(Config\Cache), false)
 9 SYSTEMPATH\Boot.php(334): CodeIgniter\CodeIgniter->run()
10 SYSTEMPATH\Boot.php(67): CodeIgniter\Boot::runCodeIgniter(Object(CodeIgniter\CodeIgniter))
11 FCPATH\index.php(59): CodeIgniter\Boot::bootWeb(Object(Config\Paths))
12 SYSTEMPATH\rewrite.php(44): require_once('C:\\xampp\\htdocs\\Quick - original projet\\public\\index.php')
CRITICAL - 2025-06-21 23:30:48 --> ErrorException: Undefined variable $operations_data
[Method: GET, Route: operations/edit/84]
in APPPATH\Views\operation\edit.php on line 11.
 1 APPPATH\Views\operation\edit.php(11): CodeIgniter\Debug\Exceptions->errorHandler(2, 'Undefined variable $operations_data', 'C:\\xampp\\htdocs\\Quick - original projet\\app\\Views\\operation\\edit.php', 11)
 2 SYSTEMPATH\View\View.php(224): include('C:\\xampp\\htdocs\\Quick - original projet\\app\\Views\\operation\\edit.php')
 3 SYSTEMPATH\View\View.php(227): CodeIgniter\View\View->CodeIgniter\View\{closure}()
 4 SYSTEMPATH\Common.php(1173): CodeIgniter\View\View->render('operation/edit', [], true)
 5 APPPATH\Controllers\OperationController.php(127): view('operation/edit', [...])
 6 SYSTEMPATH\CodeIgniter.php(933): App\Controllers\OperationController->edit('84')
 7 SYSTEMPATH\CodeIgniter.php(507): CodeIgniter\CodeIgniter->runController(Object(App\Controllers\OperationController))
 8 SYSTEMPATH\CodeIgniter.php(354): CodeIgniter\CodeIgniter->handleRequest(null, Object(Config\Cache), false)
 9 SYSTEMPATH\Boot.php(334): CodeIgniter\CodeIgniter->run()
10 SYSTEMPATH\Boot.php(67): CodeIgniter\Boot::runCodeIgniter(Object(CodeIgniter\CodeIgniter))
11 FCPATH\index.php(59): CodeIgniter\Boot::bootWeb(Object(Config\Paths))
12 SYSTEMPATH\rewrite.php(44): require_once('C:\\xampp\\htdocs\\Quick - original projet\\public\\index.php')
CRITICAL - 2025-06-21 23:30:50 --> ErrorException: Undefined variable $operations_data
[Method: GET, Route: operations/edit/84]
in APPPATH\Views\operation\edit.php on line 11.
 1 APPPATH\Views\operation\edit.php(11): CodeIgniter\Debug\Exceptions->errorHandler(2, 'Undefined variable $operations_data', 'C:\\xampp\\htdocs\\Quick - original projet\\app\\Views\\operation\\edit.php', 11)
 2 SYSTEMPATH\View\View.php(224): include('C:\\xampp\\htdocs\\Quick - original projet\\app\\Views\\operation\\edit.php')
 3 SYSTEMPATH\View\View.php(227): CodeIgniter\View\View->CodeIgniter\View\{closure}()
 4 SYSTEMPATH\Common.php(1173): CodeIgniter\View\View->render('operation/edit', [], true)
 5 APPPATH\Controllers\OperationController.php(127): view('operation/edit', [...])
 6 SYSTEMPATH\CodeIgniter.php(933): App\Controllers\OperationController->edit('84')
 7 SYSTEMPATH\CodeIgniter.php(507): CodeIgniter\CodeIgniter->runController(Object(App\Controllers\OperationController))
 8 SYSTEMPATH\CodeIgniter.php(354): CodeIgniter\CodeIgniter->handleRequest(null, Object(Config\Cache), false)
 9 SYSTEMPATH\Boot.php(334): CodeIgniter\CodeIgniter->run()
10 SYSTEMPATH\Boot.php(67): CodeIgniter\Boot::runCodeIgniter(Object(CodeIgniter\CodeIgniter))
11 FCPATH\index.php(59): CodeIgniter\Boot::bootWeb(Object(Config\Paths))
12 SYSTEMPATH\rewrite.php(44): require_once('C:\\xampp\\htdocs\\Quick - original projet\\public\\index.php')
CRITICAL - 2025-06-21 23:30:57 --> ErrorException: Undefined variable $operations_data
[Method: GET, Route: operations/edit/88]
in APPPATH\Views\operation\edit.php on line 11.
 1 APPPATH\Views\operation\edit.php(11): CodeIgniter\Debug\Exceptions->errorHandler(2, 'Undefined variable $operations_data', 'C:\\xampp\\htdocs\\Quick - original projet\\app\\Views\\operation\\edit.php', 11)
 2 SYSTEMPATH\View\View.php(224): include('C:\\xampp\\htdocs\\Quick - original projet\\app\\Views\\operation\\edit.php')
 3 SYSTEMPATH\View\View.php(227): CodeIgniter\View\View->CodeIgniter\View\{closure}()
 4 SYSTEMPATH\Common.php(1173): CodeIgniter\View\View->render('operation/edit', [], true)
 5 APPPATH\Controllers\OperationController.php(127): view('operation/edit', [...])
 6 SYSTEMPATH\CodeIgniter.php(933): App\Controllers\OperationController->edit('88')
 7 SYSTEMPATH\CodeIgniter.php(507): CodeIgniter\CodeIgniter->runController(Object(App\Controllers\OperationController))
 8 SYSTEMPATH\CodeIgniter.php(354): CodeIgniter\CodeIgniter->handleRequest(null, Object(Config\Cache), false)
 9 SYSTEMPATH\Boot.php(334): CodeIgniter\CodeIgniter->run()
10 SYSTEMPATH\Boot.php(67): CodeIgniter\Boot::runCodeIgniter(Object(CodeIgniter\CodeIgniter))
11 FCPATH\index.php(59): CodeIgniter\Boot::bootWeb(Object(Config\Paths))
12 SYSTEMPATH\rewrite.php(44): require_once('C:\\xampp\\htdocs\\Quick - original projet\\public\\index.php')
CRITICAL - 2025-06-21 23:31:39 --> ErrorException: Undefined array key "Perte"
[Method: GET, Route: operations/edit/88]
in APPPATH\Views\operation\edit.php on line 20.
 1 APPPATH\Views\operation\edit.php(20): CodeIgniter\Debug\Exceptions->errorHandler(2, 'Undefined array key "Perte"', 'C:\\xampp\\htdocs\\Quick - original projet\\app\\Views\\operation\\edit.php', 20)
 2 SYSTEMPATH\View\View.php(224): include('C:\\xampp\\htdocs\\Quick - original projet\\app\\Views\\operation\\edit.php')
 3 SYSTEMPATH\View\View.php(227): CodeIgniter\View\View->CodeIgniter\View\{closure}()
 4 SYSTEMPATH\Common.php(1173): CodeIgniter\View\View->render('operation/edit', [], true)
 5 APPPATH\Controllers\OperationController.php(127): view('operation/edit', [...])
 6 SYSTEMPATH\CodeIgniter.php(933): App\Controllers\OperationController->edit('88')
 7 SYSTEMPATH\CodeIgniter.php(507): CodeIgniter\CodeIgniter->runController(Object(App\Controllers\OperationController))
 8 SYSTEMPATH\CodeIgniter.php(354): CodeIgniter\CodeIgniter->handleRequest(null, Object(Config\Cache), false)
 9 SYSTEMPATH\Boot.php(334): CodeIgniter\CodeIgniter->run()
10 SYSTEMPATH\Boot.php(67): CodeIgniter\Boot::runCodeIgniter(Object(CodeIgniter\CodeIgniter))
11 FCPATH\index.php(59): CodeIgniter\Boot::bootWeb(Object(Config\Paths))
12 SYSTEMPATH\rewrite.php(44): require_once('C:\\xampp\\htdocs\\Quick - original projet\\public\\index.php')
CRITICAL - 2025-06-21 23:33:01 --> ErrorException: Undefined array key "Perte"
[Method: GET, Route: operations/edit/88]
in APPPATH\Views\operation\edit.php on line 20.
 1 APPPATH\Views\operation\edit.php(20): CodeIgniter\Debug\Exceptions->errorHandler(2, 'Undefined array key "Perte"', 'C:\\xampp\\htdocs\\Quick - original projet\\app\\Views\\operation\\edit.php', 20)
 2 SYSTEMPATH\View\View.php(224): include('C:\\xampp\\htdocs\\Quick - original projet\\app\\Views\\operation\\edit.php')
 3 SYSTEMPATH\View\View.php(227): CodeIgniter\View\View->CodeIgniter\View\{closure}()
 4 SYSTEMPATH\Common.php(1173): CodeIgniter\View\View->render('operation/edit', [], true)
 5 APPPATH\Controllers\OperationController.php(127): view('operation/edit', [...])
 6 SYSTEMPATH\CodeIgniter.php(933): App\Controllers\OperationController->edit('88')
 7 SYSTEMPATH\CodeIgniter.php(507): CodeIgniter\CodeIgniter->runController(Object(App\Controllers\OperationController))
 8 SYSTEMPATH\CodeIgniter.php(354): CodeIgniter\CodeIgniter->handleRequest(null, Object(Config\Cache), false)
 9 SYSTEMPATH\Boot.php(334): CodeIgniter\CodeIgniter->run()
10 SYSTEMPATH\Boot.php(67): CodeIgniter\Boot::runCodeIgniter(Object(CodeIgniter\CodeIgniter))
11 FCPATH\index.php(59): CodeIgniter\Boot::bootWeb(Object(Config\Paths))
12 SYSTEMPATH\rewrite.php(44): require_once('C:\\xampp\\htdocs\\Quick - original projet\\public\\index.php')
CRITICAL - 2025-06-21 23:34:17 --> ErrorException: Undefined array key "Perte"
[Method: GET, Route: operations/edit/88]
in APPPATH\Views\operation\edit.php on line 20.
 1 APPPATH\Views\operation\edit.php(20): CodeIgniter\Debug\Exceptions->errorHandler(2, 'Undefined array key "Perte"', 'C:\\xampp\\htdocs\\Quick - original projet\\app\\Views\\operation\\edit.php', 20)
 2 SYSTEMPATH\View\View.php(224): include('C:\\xampp\\htdocs\\Quick - original projet\\app\\Views\\operation\\edit.php')
 3 SYSTEMPATH\View\View.php(227): CodeIgniter\View\View->CodeIgniter\View\{closure}()
 4 SYSTEMPATH\Common.php(1173): CodeIgniter\View\View->render('operation/edit', [], true)
 5 APPPATH\Controllers\OperationController.php(127): view('operation/edit', [...])
 6 SYSTEMPATH\CodeIgniter.php(933): App\Controllers\OperationController->edit('88')
 7 SYSTEMPATH\CodeIgniter.php(507): CodeIgniter\CodeIgniter->runController(Object(App\Controllers\OperationController))
 8 SYSTEMPATH\CodeIgniter.php(354): CodeIgniter\CodeIgniter->handleRequest(null, Object(Config\Cache), false)
 9 SYSTEMPATH\Boot.php(334): CodeIgniter\CodeIgniter->run()
10 SYSTEMPATH\Boot.php(67): CodeIgniter\Boot::runCodeIgniter(Object(CodeIgniter\CodeIgniter))
11 FCPATH\index.php(59): CodeIgniter\Boot::bootWeb(Object(Config\Paths))
12 SYSTEMPATH\rewrite.php(44): require_once('C:\\xampp\\htdocs\\Quick - original projet\\public\\index.php')
CRITICAL - 2025-06-21 23:39:35 --> ErrorException: Undefined array key "Perte"
[Method: GET, Route: operations/edit/86]
in APPPATH\Views\operation\edit.php on line 20.
 1 APPPATH\Views\operation\edit.php(20): CodeIgniter\Debug\Exceptions->errorHandler(2, 'Undefined array key "Perte"', 'C:\\xampp\\htdocs\\Quick - original projet\\app\\Views\\operation\\edit.php', 20)
 2 SYSTEMPATH\View\View.php(224): include('C:\\xampp\\htdocs\\Quick - original projet\\app\\Views\\operation\\edit.php')
 3 SYSTEMPATH\View\View.php(227): CodeIgniter\View\View->CodeIgniter\View\{closure}()
 4 SYSTEMPATH\Common.php(1173): CodeIgniter\View\View->render('operation/edit', [], true)
 5 APPPATH\Controllers\OperationController.php(127): view('operation/edit', [...])
 6 SYSTEMPATH\CodeIgniter.php(933): App\Controllers\OperationController->edit('86')
 7 SYSTEMPATH\CodeIgniter.php(507): CodeIgniter\CodeIgniter->runController(Object(App\Controllers\OperationController))
 8 SYSTEMPATH\CodeIgniter.php(354): CodeIgniter\CodeIgniter->handleRequest(null, Object(Config\Cache), false)
 9 SYSTEMPATH\Boot.php(334): CodeIgniter\CodeIgniter->run()
10 SYSTEMPATH\Boot.php(67): CodeIgniter\Boot::runCodeIgniter(Object(CodeIgniter\CodeIgniter))
11 FCPATH\index.php(59): CodeIgniter\Boot::bootWeb(Object(Config\Paths))
12 SYSTEMPATH\rewrite.php(44): require_once('C:\\xampp\\htdocs\\Quick - original projet\\public\\index.php')
CRITICAL - 2025-06-21 23:40:03 --> ErrorException: Undefined variable $operations_data
[Method: GET, Route: operations/edit/88]
in APPPATH\Views\operation\edit.php on line 16.
 1 APPPATH\Views\operation\edit.php(16): CodeIgniter\Debug\Exceptions->errorHandler(2, 'Undefined variable $operations_data', 'C:\\xampp\\htdocs\\Quick - original projet\\app\\Views\\operation\\edit.php', 16)
 2 SYSTEMPATH\View\View.php(224): include('C:\\xampp\\htdocs\\Quick - original projet\\app\\Views\\operation\\edit.php')
 3 SYSTEMPATH\View\View.php(227): CodeIgniter\View\View->CodeIgniter\View\{closure}()
 4 SYSTEMPATH\Common.php(1173): CodeIgniter\View\View->render('operation/edit', [], true)
 5 APPPATH\Controllers\OperationController.php(127): view('operation/edit', [...])
 6 SYSTEMPATH\CodeIgniter.php(933): App\Controllers\OperationController->edit('88')
 7 SYSTEMPATH\CodeIgniter.php(507): CodeIgniter\CodeIgniter->runController(Object(App\Controllers\OperationController))
 8 SYSTEMPATH\CodeIgniter.php(354): CodeIgniter\CodeIgniter->handleRequest(null, Object(Config\Cache), false)
 9 SYSTEMPATH\Boot.php(334): CodeIgniter\CodeIgniter->run()
10 SYSTEMPATH\Boot.php(67): CodeIgniter\Boot::runCodeIgniter(Object(CodeIgniter\CodeIgniter))
11 FCPATH\index.php(59): CodeIgniter\Boot::bootWeb(Object(Config\Paths))
12 SYSTEMPATH\rewrite.php(44): require_once('C:\\xampp\\htdocs\\Quick - original projet\\public\\index.php')
CRITICAL - 2025-06-21 23:40:34 --> ErrorException: Undefined variable $operations_data
[Method: GET, Route: operations/edit/88]
in APPPATH\Views\operation\edit.php on line 16.
 1 APPPATH\Views\operation\edit.php(16): CodeIgniter\Debug\Exceptions->errorHandler(2, 'Undefined variable $operations_data', 'C:\\xampp\\htdocs\\Quick - original projet\\app\\Views\\operation\\edit.php', 16)
 2 SYSTEMPATH\View\View.php(224): include('C:\\xampp\\htdocs\\Quick - original projet\\app\\Views\\operation\\edit.php')
 3 SYSTEMPATH\View\View.php(227): CodeIgniter\View\View->CodeIgniter\View\{closure}()
 4 SYSTEMPATH\Common.php(1173): CodeIgniter\View\View->render('operation/edit', [], true)
 5 APPPATH\Controllers\OperationController.php(127): view('operation/edit', [...])
 6 SYSTEMPATH\CodeIgniter.php(933): App\Controllers\OperationController->edit('88')
 7 SYSTEMPATH\CodeIgniter.php(507): CodeIgniter\CodeIgniter->runController(Object(App\Controllers\OperationController))
 8 SYSTEMPATH\CodeIgniter.php(354): CodeIgniter\CodeIgniter->handleRequest(null, Object(Config\Cache), false)
 9 SYSTEMPATH\Boot.php(334): CodeIgniter\CodeIgniter->run()
10 SYSTEMPATH\Boot.php(67): CodeIgniter\Boot::runCodeIgniter(Object(CodeIgniter\CodeIgniter))
11 FCPATH\index.php(59): CodeIgniter\Boot::bootWeb(Object(Config\Paths))
12 SYSTEMPATH\rewrite.php(44): require_once('C:\\xampp\\htdocs\\Quick - original projet\\public\\index.php')
CRITICAL - 2025-06-21 23:41:08 --> ErrorException: Undefined variable $operations_data
[Method: GET, Route: operations/edit/88]
in APPPATH\Views\operation\edit.php on line 16.
 1 APPPATH\Views\operation\edit.php(16): CodeIgniter\Debug\Exceptions->errorHandler(2, 'Undefined variable $operations_data', 'C:\\xampp\\htdocs\\Quick - original projet\\app\\Views\\operation\\edit.php', 16)
 2 SYSTEMPATH\View\View.php(224): include('C:\\xampp\\htdocs\\Quick - original projet\\app\\Views\\operation\\edit.php')
 3 SYSTEMPATH\View\View.php(227): CodeIgniter\View\View->CodeIgniter\View\{closure}()
 4 SYSTEMPATH\Common.php(1173): CodeIgniter\View\View->render('operation/edit', [], true)
 5 APPPATH\Controllers\OperationController.php(127): view('operation/edit', [...])
 6 SYSTEMPATH\CodeIgniter.php(933): App\Controllers\OperationController->edit('88')
 7 SYSTEMPATH\CodeIgniter.php(507): CodeIgniter\CodeIgniter->runController(Object(App\Controllers\OperationController))
 8 SYSTEMPATH\CodeIgniter.php(354): CodeIgniter\CodeIgniter->handleRequest(null, Object(Config\Cache), false)
 9 SYSTEMPATH\Boot.php(334): CodeIgniter\CodeIgniter->run()
10 SYSTEMPATH\Boot.php(67): CodeIgniter\Boot::runCodeIgniter(Object(CodeIgniter\CodeIgniter))
11 FCPATH\index.php(59): CodeIgniter\Boot::bootWeb(Object(Config\Paths))
12 SYSTEMPATH\rewrite.php(44): require_once('C:\\xampp\\htdocs\\Quick - original projet\\public\\index.php')
CRITICAL - 2025-06-21 23:41:26 --> ErrorException: Undefined variable $operations_data
[Method: GET, Route: operations/edit/88]
in APPPATH\Views\operation\edit.php on line 16.
 1 APPPATH\Views\operation\edit.php(16): CodeIgniter\Debug\Exceptions->errorHandler(2, 'Undefined variable $operations_data', 'C:\\xampp\\htdocs\\Quick - original projet\\app\\Views\\operation\\edit.php', 16)
 2 SYSTEMPATH\View\View.php(224): include('C:\\xampp\\htdocs\\Quick - original projet\\app\\Views\\operation\\edit.php')
 3 SYSTEMPATH\View\View.php(227): CodeIgniter\View\View->CodeIgniter\View\{closure}()
 4 SYSTEMPATH\Common.php(1173): CodeIgniter\View\View->render('operation/edit', [], true)
 5 APPPATH\Controllers\OperationController.php(127): view('operation/edit', [...])
 6 SYSTEMPATH\CodeIgniter.php(933): App\Controllers\OperationController->edit('88')
 7 SYSTEMPATH\CodeIgniter.php(507): CodeIgniter\CodeIgniter->runController(Object(App\Controllers\OperationController))
 8 SYSTEMPATH\CodeIgniter.php(354): CodeIgniter\CodeIgniter->handleRequest(null, Object(Config\Cache), false)
 9 SYSTEMPATH\Boot.php(334): CodeIgniter\CodeIgniter->run()
10 SYSTEMPATH\Boot.php(67): CodeIgniter\Boot::runCodeIgniter(Object(CodeIgniter\CodeIgniter))
11 FCPATH\index.php(59): CodeIgniter\Boot::bootWeb(Object(Config\Paths))
12 SYSTEMPATH\rewrite.php(44): require_once('C:\\xampp\\htdocs\\Quick - original projet\\public\\index.php')
ERROR - 2025-06-21 23:57:51 --> mysqli_sql_exception: Column 'user_id' cannot be null in C:\xampp\htdocs\Quick - original projet\system\Database\MySQLi\Connection.php:327
Stack trace:
#0 C:\xampp\htdocs\Quick - original projet\system\Database\MySQLi\Connection.php(327): mysqli->query('INSERT INTO `op...', 0)
#1 C:\xampp\htdocs\Quick - original projet\system\Database\BaseConnection.php(738): CodeIgniter\Database\MySQLi\Connection->execute('INSERT INTO `op...')
#2 C:\xampp\htdocs\Quick - original projet\system\Database\BaseConnection.php(652): CodeIgniter\Database\BaseConnection->simpleQuery('INSERT INTO `op...')
#3 C:\xampp\htdocs\Quick - original projet\system\Database\BaseBuilder.php(2345): CodeIgniter\Database\BaseConnection->query('INSERT INTO `op...', Array, false)
#4 C:\xampp\htdocs\Quick - original projet\system\Model.php(394): CodeIgniter\Database\BaseBuilder->insert()
#5 C:\xampp\htdocs\Quick - original projet\system\BaseModel.php(843): CodeIgniter\Model->doInsert(Array)
#6 C:\xampp\htdocs\Quick - original projet\system\Model.php(800): CodeIgniter\BaseModel->insert(Array, true)
#7 C:\xampp\htdocs\Quick - original projet\app\Controllers\OperationController.php(58): CodeIgniter\Model->insert(Array)
#8 C:\xampp\htdocs\Quick - original projet\system\CodeIgniter.php(933): App\Controllers\OperationController->save()
#9 C:\xampp\htdocs\Quick - original projet\system\CodeIgniter.php(507): CodeIgniter\CodeIgniter->runController(Object(App\Controllers\OperationController))
#10 C:\xampp\htdocs\Quick - original projet\system\CodeIgniter.php(354): CodeIgniter\CodeIgniter->handleRequest(NULL, Object(Config\Cache), false)
#11 C:\xampp\htdocs\Quick - original projet\system\Boot.php(334): CodeIgniter\CodeIgniter->run()
#12 C:\xampp\htdocs\Quick - original projet\system\Boot.php(67): CodeIgniter\Boot::runCodeIgniter(Object(CodeIgniter\CodeIgniter))
#13 C:\xampp\htdocs\Quick - original projet\public\index.php(59): CodeIgniter\Boot::bootWeb(Object(Config\Paths))
#14 C:\xampp\htdocs\Quick - original projet\system\rewrite.php(44): require_once('C:\\xampp\\htdocs...')
#15 {main}
CRITICAL - 2025-06-21 23:57:51 --> CodeIgniter\Database\Exceptions\DatabaseException: Column 'user_id' cannot be null
[Method: POST, Route: operations/save]
in SYSTEMPATH\Database\BaseConnection.php on line 692.
 1 SYSTEMPATH\Database\BaseBuilder.php(2345): CodeIgniter\Database\BaseConnection->query('INSERT INTO `operations_table` (`user_id`, `amount`, `profit`, `lost`, `total_sent`) VALUES (:user_id:, :amount:, :profit:, :lost:, :total_sent:)', [...], false)
 2 SYSTEMPATH\Model.php(394): CodeIgniter\Database\BaseBuilder->insert()
 3 SYSTEMPATH\BaseModel.php(843): CodeIgniter\Model->doInsert([...])
 4 SYSTEMPATH\Model.php(800): CodeIgniter\BaseModel->insert([...], true)
 5 APPPATH\Controllers\OperationController.php(58): CodeIgniter\Model->insert([...])
 6 SYSTEMPATH\CodeIgniter.php(933): App\Controllers\OperationController->save()
 7 SYSTEMPATH\CodeIgniter.php(507): CodeIgniter\CodeIgniter->runController(Object(App\Controllers\OperationController))
 8 SYSTEMPATH\CodeIgniter.php(354): CodeIgniter\CodeIgniter->handleRequest(null, Object(Config\Cache), false)
 9 SYSTEMPATH\Boot.php(334): CodeIgniter\CodeIgniter->run()
10 SYSTEMPATH\Boot.php(67): CodeIgniter\Boot::runCodeIgniter(Object(CodeIgniter\CodeIgniter))
11 FCPATH\index.php(59): CodeIgniter\Boot::bootWeb(Object(Config\Paths))
12 SYSTEMPATH\rewrite.php(44): require_once('C:\\xampp\\htdocs\\Quick - original projet\\public\\index.php')
CRITICAL - 2025-06-21 23:57:51 --> [Caused by] CodeIgniter\Database\Exceptions\DatabaseException: Column 'user_id' cannot be null
in SYSTEMPATH\Database\MySQLi\Connection.php on line 332.
 1 SYSTEMPATH\Database\BaseConnection.php(738): CodeIgniter\Database\MySQLi\Connection->execute('INSERT INTO `operations_table` (`user_id`, `amount`, `profit`, `lost`, `total_sent`) VALUES (NULL, \'2\', \'2\', \'2\', \'2\')')
 2 SYSTEMPATH\Database\BaseConnection.php(652): CodeIgniter\Database\BaseConnection->simpleQuery('INSERT INTO `operations_table` (`user_id`, `amount`, `profit`, `lost`, `total_sent`) VALUES (NULL, \'2\', \'2\', \'2\', \'2\')')
 3 SYSTEMPATH\Database\BaseBuilder.php(2345): CodeIgniter\Database\BaseConnection->query('INSERT INTO `operations_table` (`user_id`, `amount`, `profit`, `lost`, `total_sent`) VALUES (:user_id:, :amount:, :profit:, :lost:, :total_sent:)', [...], false)
 4 SYSTEMPATH\Model.php(394): CodeIgniter\Database\BaseBuilder->insert()
 5 SYSTEMPATH\BaseModel.php(843): CodeIgniter\Model->doInsert([...])
 6 SYSTEMPATH\Model.php(800): CodeIgniter\BaseModel->insert([...], true)
 7 APPPATH\Controllers\OperationController.php(58): CodeIgniter\Model->insert([...])
 8 SYSTEMPATH\CodeIgniter.php(933): App\Controllers\OperationController->save()
 9 SYSTEMPATH\CodeIgniter.php(507): CodeIgniter\CodeIgniter->runController(Object(App\Controllers\OperationController))
10 SYSTEMPATH\CodeIgniter.php(354): CodeIgniter\CodeIgniter->handleRequest(null, Object(Config\Cache), false)
11 SYSTEMPATH\Boot.php(334): CodeIgniter\CodeIgniter->run()
12 SYSTEMPATH\Boot.php(67): CodeIgniter\Boot::runCodeIgniter(Object(CodeIgniter\CodeIgniter))
13 FCPATH\index.php(59): CodeIgniter\Boot::bootWeb(Object(Config\Paths))
14 SYSTEMPATH\rewrite.php(44): require_once('C:\\xampp\\htdocs\\Quick - original projet\\public\\index.php')
CRITICAL - 2025-06-21 23:57:52 --> [Caused by] mysqli_sql_exception: Column 'user_id' cannot be null
in SYSTEMPATH\Database\MySQLi\Connection.php on line 327.
 1 SYSTEMPATH\Database\MySQLi\Connection.php(327): mysqli->query('INSERT INTO `operations_table` (`user_id`, `amount`, `profit`, `lost`, `total_sent`) VALUES (NULL, \'2\', \'2\', \'2\', \'2\')', 0)
 2 SYSTEMPATH\Database\BaseConnection.php(738): CodeIgniter\Database\MySQLi\Connection->execute('INSERT INTO `operations_table` (`user_id`, `amount`, `profit`, `lost`, `total_sent`) VALUES (NULL, \'2\', \'2\', \'2\', \'2\')')
 3 SYSTEMPATH\Database\BaseConnection.php(652): CodeIgniter\Database\BaseConnection->simpleQuery('INSERT INTO `operations_table` (`user_id`, `amount`, `profit`, `lost`, `total_sent`) VALUES (NULL, \'2\', \'2\', \'2\', \'2\')')
 4 SYSTEMPATH\Database\BaseBuilder.php(2345): CodeIgniter\Database\BaseConnection->query('INSERT INTO `operations_table` (`user_id`, `amount`, `profit`, `lost`, `total_sent`) VALUES (:user_id:, :amount:, :profit:, :lost:, :total_sent:)', [...], false)
 5 SYSTEMPATH\Model.php(394): CodeIgniter\Database\BaseBuilder->insert()
 6 SYSTEMPATH\BaseModel.php(843): CodeIgniter\Model->doInsert([...])
 7 SYSTEMPATH\Model.php(800): CodeIgniter\BaseModel->insert([...], true)
 8 APPPATH\Controllers\OperationController.php(58): CodeIgniter\Model->insert([...])
 9 SYSTEMPATH\CodeIgniter.php(933): App\Controllers\OperationController->save()
10 SYSTEMPATH\CodeIgniter.php(507): CodeIgniter\CodeIgniter->runController(Object(App\Controllers\OperationController))
11 SYSTEMPATH\CodeIgniter.php(354): CodeIgniter\CodeIgniter->handleRequest(null, Object(Config\Cache), false)
12 SYSTEMPATH\Boot.php(334): CodeIgniter\CodeIgniter->run()
13 SYSTEMPATH\Boot.php(67): CodeIgniter\Boot::runCodeIgniter(Object(CodeIgniter\CodeIgniter))
14 FCPATH\index.php(59): CodeIgniter\Boot::bootWeb(Object(Config\Paths))
15 SYSTEMPATH\rewrite.php(44): require_once('C:\\xampp\\htdocs\\Quick - original projet\\public\\index.php')
